[02-Dec-2025 23:42:59 America/Sao_Paulo] PHP Fatal error:  Uncaught PDOException: SQLSTATE[42S02]: Base table or view not found: 1146 Table 'artesanal.desligamentos' doesn't exist in /Applications/MAMP/htdocs/rh/includes/functions/funcGraphHeadcount.php:310
Stack trace:
#0 /Applications/MAMP/htdocs/rh/includes/functions/funcGraphHeadcount.php(310): PDO->query('SELECT mes, vin...')
#1 /Applications/MAMP/htdocs/rh/includes/functions/funcGraphHeadcount.php(67): calcularDesligamentosHeadcount(Object(PDO), Array)
#2 /Applications/MAMP/htdocs/rh/includes/graphs/headcount.php(63): gerarDadosHeadcount(Object(PDO), 'headcount_desli...', Array, 'quantidade')
#3 /Applications/MAMP/htdocs/rh/headcount.php(66): require_once('/Applications/M...')
#4 {main}
  thrown in /Applications/MAMP/htdocs/rh/includes/functions/funcGraphHeadcount.php on line 310
[03-Dec-2025 00:03:39 America/Sao_Paulo] PHP Warning:  Undefined array key "valores" in /Applications/MAMP/htdocs/rh/includes/footer/footerDemografico.php on line 21
[03-Dec-2025 00:03:42 America/Sao_Paulo] PHP Warning:  Undefined array key "valores" in /Applications/MAMP/htdocs/rh/includes/footer/footerDemografico.php on line 21
[03-Dec-2025 00:03:47 America/Sao_Paulo] PHP Warning:  Undefined array key "valores" in /Applications/MAMP/htdocs/rh/includes/footer/footerDemografico.php on line 21
[03-Dec-2025 00:04:26 America/Sao_Paulo] PHP Warning:  Undefined array key "valores" in /Applications/MAMP/htdocs/rh/includes/footer/footerDemografico.php on line 21
[03-Dec-2025 00:04:42 America/Sao_Paulo] PHP Warning:  Undefined array key "valores" in /Applications/MAMP/htdocs/rh/includes/footer/footerDemografico.php on line 21
[04-Dec-2025 00:42:25 America/Sao_Paulo] PHP Fatal error:  Uncaught PDOException: SQLSTATE[42S02]: Base table or view not found: 1146 Table 'artesanal.dezembro' doesn't exist in /Applications/MAMP/htdocs/rh/includes/functions/funcGraphHeadcount.php:537
Stack trace:
#0 /Applications/MAMP/htdocs/rh/includes/functions/funcGraphHeadcount.php(537): PDO->query('SELECT COUNT(*)...')
#1 /Applications/MAMP/htdocs/rh/includes/functions/funcGraphHeadcount.php(102): calcularTurnoverVoluntarioHeadcount(Object(PDO), Array)
#2 /Applications/MAMP/htdocs/rh/includes/graphs/headcount.php(63): gerarDadosHeadcount(Object(PDO), 'headcount_turno...', Array, 'percentual')
#3 /Applications/MAMP/htdocs/rh/headcount.php(66): require_once('/Applications/M...')
#4 {main}
  thrown in /Applications/MAMP/htdocs/rh/includes/functions/funcGraphHeadcount.php on line 537
[04-Dec-2025 00:42:26 America/Sao_Paulo] PHP Fatal error:  Uncaught PDOException: SQLSTATE[42S02]: Base table or view not found: 1146 Table 'artesanal.dezembro' doesn't exist in /Applications/MAMP/htdocs/rh/includes/functions/funcGraphHeadcount.php:537
Stack trace:
#0 /Applications/MAMP/htdocs/rh/includes/functions/funcGraphHeadcount.php(537): PDO->query('SELECT COUNT(*)...')
#1 /Applications/MAMP/htdocs/rh/includes/functions/funcGraphHeadcount.php(102): calcularTurnoverVoluntarioHeadcount(Object(PDO), Array)
#2 /Applications/MAMP/htdocs/rh/includes/graphs/headcount.php(63): gerarDadosHeadcount(Object(PDO), 'headcount_turno...', Array, 'percentual')
#3 /Applications/MAMP/htdocs/rh/headcount.php(66): require_once('/Applications/M...')
#4 {main}
  thrown in /Applications/MAMP/htdocs/rh/includes/functions/funcGraphHeadcount.php on line 537
[04-Dec-2025 00:42:27 America/Sao_Paulo] PHP Fatal error:  Uncaught PDOException: SQLSTATE[42S02]: Base table or view not found: 1146 Table 'artesanal.dezembro' doesn't exist in /Applications/MAMP/htdocs/rh/includes/functions/funcGraphHeadcount.php:537
Stack trace:
#0 /Applications/MAMP/htdocs/rh/includes/functions/funcGraphHeadcount.php(537): PDO->query('SELECT COUNT(*)...')
#1 /Applications/MAMP/htdocs/rh/includes/functions/funcGraphHeadcount.php(102): calcularTurnoverVoluntarioHeadcount(Object(PDO), Array)
#2 /Applications/MAMP/htdocs/rh/includes/graphs/headcount.php(63): gerarDadosHeadcount(Object(PDO), 'headcount_turno...', Array, 'percentual')
#3 /Applications/MAMP/htdocs/rh/headcount.php(66): require_once('/Applications/M...')
#4 {main}
  thrown in /Applications/MAMP/htdocs/rh/includes/functions/funcGraphHeadcount.php on line 537
[04-Dec-2025 00:42:36 America/Sao_Paulo] PHP Fatal error:  Uncaught PDOException: SQLSTATE[42S02]: Base table or view not found: 1146 Table 'artesanal.dezembro' doesn't exist in /Applications/MAMP/htdocs/rh/includes/functions/funcGraphHeadcount.php:537
Stack trace:
#0 /Applications/MAMP/htdocs/rh/includes/functions/funcGraphHeadcount.php(537): PDO->query('SELECT COUNT(*)...')
#1 /Applications/MAMP/htdocs/rh/includes/functions/funcGraphHeadcount.php(102): calcularTurnoverVoluntarioHeadcount(Object(PDO), Array)
#2 /Applications/MAMP/htdocs/rh/includes/graphs/headcount.php(63): gerarDadosHeadcount(Object(PDO), 'headcount_turno...', Array, 'percentual')
#3 /Applications/MAMP/htdocs/rh/headcount.php(66): require_once('/Applications/M...')
#4 {main}
  thrown in /Applications/MAMP/htdocs/rh/includes/functions/funcGraphHeadcount.php on line 537
[04-Dec-2025 00:42:37 America/Sao_Paulo] PHP Fatal error:  Uncaught PDOException: SQLSTATE[42S02]: Base table or view not found: 1146 Table 'artesanal.dezembro' doesn't exist in /Applications/MAMP/htdocs/rh/includes/functions/funcGraphHeadcount.php:537
Stack trace:
#0 /Applications/MAMP/htdocs/rh/includes/functions/funcGraphHeadcount.php(537): PDO->query('SELECT COUNT(*)...')
#1 /Applications/MAMP/htdocs/rh/includes/functions/funcGraphHeadcount.php(102): calcularTurnoverVoluntarioHeadcount(Object(PDO), Array)
#2 /Applications/MAMP/htdocs/rh/includes/graphs/headcount.php(63): gerarDadosHeadcount(Object(PDO), 'headcount_turno...', Array, 'percentual')
#3 /Applications/MAMP/htdocs/rh/headcount.php(66): require_once('/Applications/M...')
#4 {main}
  thrown in /Applications/MAMP/htdocs/rh/includes/functions/funcGraphHeadcount.php on line 537
[04-Dec-2025 00:42:38 America/Sao_Paulo] PHP Fatal error:  Uncaught PDOException: SQLSTATE[42S02]: Base table or view not found: 1146 Table 'artesanal.dezembro' doesn't exist in /Applications/MAMP/htdocs/rh/includes/functions/funcGraphHeadcount.php:537
Stack trace:
#0 /Applications/MAMP/htdocs/rh/includes/functions/funcGraphHeadcount.php(537): PDO->query('SELECT COUNT(*)...')
#1 /Applications/MAMP/htdocs/rh/includes/functions/funcGraphHeadcount.php(102): calcularTurnoverVoluntarioHeadcount(Object(PDO), Array)
#2 /Applications/MAMP/htdocs/rh/includes/graphs/headcount.php(63): gerarDadosHeadcount(Object(PDO), 'headcount_turno...', Array, 'percentual')
#3 /Applications/MAMP/htdocs/rh/headcount.php(66): require_once('/Applications/M...')
#4 {main}
  thrown in /Applications/MAMP/htdocs/rh/includes/functions/funcGraphHeadcount.php on line 537
[04-Dec-2025 00:42:59 America/Sao_Paulo] PHP Fatal error:  Uncaught PDOException: SQLSTATE[42S02]: Base table or view not found: 1146 Table 'artesanal.dezembro' doesn't exist in /Applications/MAMP/htdocs/rh/includes/functions/funcGraphHeadcount.php:537
Stack trace:
#0 /Applications/MAMP/htdocs/rh/includes/functions/funcGraphHeadcount.php(537): PDO->query('SELECT COUNT(*)...')
#1 /Applications/MAMP/htdocs/rh/includes/functions/funcGraphHeadcount.php(102): calcularTurnoverVoluntarioHeadcount(Object(PDO), Array)
#2 /Applications/MAMP/htdocs/rh/includes/graphs/headcount.php(63): gerarDadosHeadcount(Object(PDO), 'headcount_turno...', Array, 'percentual')
#3 /Applications/MAMP/htdocs/rh/headcount.php(66): require_once('/Applications/M...')
#4 {main}
  thrown in /Applications/MAMP/htdocs/rh/includes/functions/funcGraphHeadcount.php on line 537
[04-Dec-2025 00:43:01 America/Sao_Paulo] PHP Fatal error:  Uncaught PDOException: SQLSTATE[42S02]: Base table or view not found: 1146 Table 'artesanal.dezembro' doesn't exist in /Applications/MAMP/htdocs/rh/includes/functions/funcGraphHeadcount.php:537
Stack trace:
#0 /Applications/MAMP/htdocs/rh/includes/functions/funcGraphHeadcount.php(537): PDO->query('SELECT COUNT(*)...')
#1 /Applications/MAMP/htdocs/rh/includes/functions/funcGraphHeadcount.php(102): calcularTurnoverVoluntarioHeadcount(Object(PDO), Array)
#2 /Applications/MAMP/htdocs/rh/includes/graphs/headcount.php(63): gerarDadosHeadcount(Object(PDO), 'headcount_turno...', Array, 'percentual')
#3 /Applications/MAMP/htdocs/rh/headcount.php(66): require_once('/Applications/M...')
#4 {main}
  thrown in /Applications/MAMP/htdocs/rh/includes/functions/funcGraphHeadcount.php on line 537
[04-Dec-2025 00:43:40 America/Sao_Paulo] PHP Fatal error:  Uncaught PDOException: SQLSTATE[42S02]: Base table or view not found: 1146 Table 'artesanal.dezembro' doesn't exist in /Applications/MAMP/htdocs/rh/includes/functions/funcGraphHeadcount.php:537
Stack trace:
#0 /Applications/MAMP/htdocs/rh/includes/functions/funcGraphHeadcount.php(537): PDO->query('SELECT COUNT(*)...')
#1 /Applications/MAMP/htdocs/rh/includes/functions/funcGraphHeadcount.php(102): calcularTurnoverVoluntarioHeadcount(Object(PDO), Array)
#2 /Applications/MAMP/htdocs/rh/includes/graphs/headcount.php(63): gerarDadosHeadcount(Object(PDO), 'headcount_turno...', Array, 'percentual')
#3 /Applications/MAMP/htdocs/rh/headcount.php(66): require_once('/Applications/M...')
#4 {main}
  thrown in /Applications/MAMP/htdocs/rh/includes/functions/funcGraphHeadcount.php on line 537
[04-Dec-2025 00:45:20 America/Sao_Paulo] PHP Fatal error:  Uncaught PDOException: SQLSTATE[42S02]: Base table or view not found: 1146 Table 'artesanal.dezembro' doesn't exist in /Applications/MAMP/htdocs/rh/includes/functions/funcGraphHeadcount.php:565
Stack trace:
#0 /Applications/MAMP/htdocs/rh/includes/functions/funcGraphHeadcount.php(565): PDO->query('\n            SE...')
#1 /Applications/MAMP/htdocs/rh/includes/functions/funcGraphHeadcount.php(102): calcularTurnoverVoluntarioHeadcount(Object(PDO), Array)
#2 /Applications/MAMP/htdocs/rh/includes/graphs/headcount.php(63): gerarDadosHeadcount(Object(PDO), 'headcount_turno...', Array, 'percentual')
#3 /Applications/MAMP/htdocs/rh/headcount.php(66): require_once('/Applications/M...')
#4 {main}
  thrown in /Applications/MAMP/htdocs/rh/includes/functions/funcGraphHeadcount.php on line 565
[04-Dec-2025 00:45:21 America/Sao_Paulo] PHP Fatal error:  Uncaught PDOException: SQLSTATE[42S02]: Base table or view not found: 1146 Table 'artesanal.dezembro' doesn't exist in /Applications/MAMP/htdocs/rh/includes/functions/funcGraphHeadcount.php:565
Stack trace:
#0 /Applications/MAMP/htdocs/rh/includes/functions/funcGraphHeadcount.php(565): PDO->query('\n            SE...')
#1 /Applications/MAMP/htdocs/rh/includes/functions/funcGraphHeadcount.php(102): calcularTurnoverVoluntarioHeadcount(Object(PDO), Array)
#2 /Applications/MAMP/htdocs/rh/includes/graphs/headcount.php(63): gerarDadosHeadcount(Object(PDO), 'headcount_turno...', Array, 'percentual')
#3 /Applications/MAMP/htdocs/rh/headcount.php(66): require_once('/Applications/M...')
#4 {main}
  thrown in /Applications/MAMP/htdocs/rh/includes/functions/funcGraphHeadcount.php on line 565
[04-Dec-2025 01:02:45 America/Sao_Paulo] PHP Fatal error:  Uncaught Error: Call to undefined function obterHCFinal() in /Applications/MAMP/htdocs/rh/includes/functions/funcGraphHeadcount.php:518
Stack trace:
#0 /Applications/MAMP/htdocs/rh/includes/functions/funcGraphHeadcount.php(102): calcularTurnoverVoluntarioHeadcount(Object(PDO), Array)
#1 /Applications/MAMP/htdocs/rh/includes/graphs/headcount.php(63): gerarDadosHeadcount(Object(PDO), 'headcount_turno...', Array, 'percentual')
#2 /Applications/MAMP/htdocs/rh/headcount.php(66): require_once('/Applications/M...')
#3 {main}
  thrown in /Applications/MAMP/htdocs/rh/includes/functions/funcGraphHeadcount.php on line 518
[04-Dec-2025 01:03:21 America/Sao_Paulo] PHP Fatal error:  Uncaught Error: Call to undefined function obterHCFinal() in /Applications/MAMP/htdocs/rh/includes/functions/funcGraphHeadcount.php:518
Stack trace:
#0 /Applications/MAMP/htdocs/rh/includes/functions/funcGraphHeadcount.php(102): calcularTurnoverVoluntarioHeadcount(Object(PDO), Array)
#1 /Applications/MAMP/htdocs/rh/includes/graphs/headcount.php(63): gerarDadosHeadcount(Object(PDO), 'headcount_turno...', Array, 'percentual')
#2 /Applications/MAMP/htdocs/rh/headcount.php(66): require_once('/Applications/M...')
#3 {main}
  thrown in /Applications/MAMP/htdocs/rh/includes/functions/funcGraphHeadcount.php on line 518
[04-Dec-2025 01:03:49 America/Sao_Paulo] PHP Fatal error:  Uncaught ArgumentCountError: Too few arguments to function obterHCFinal(), 2 passed in /Applications/MAMP/htdocs/rh/includes/functions/funcGraphHeadcount.php on line 537 and exactly 4 expected in /Applications/MAMP/htdocs/rh/includes/functions/funcGraphHeadcount.php:513
Stack trace:
#0 /Applications/MAMP/htdocs/rh/includes/functions/funcGraphHeadcount.php(537): obterHCFinal(Object(PDO), Array)
#1 /Applications/MAMP/htdocs/rh/includes/functions/funcGraphHeadcount.php(102): calcularTurnoverVoluntarioHeadcount(Object(PDO), Array)
#2 /Applications/MAMP/htdocs/rh/includes/graphs/headcount.php(63): gerarDadosHeadcount(Object(PDO), 'headcount_turno...', Array, 'percentual')
#3 /Applications/MAMP/htdocs/rh/headcount.php(66): require_once('/Applications/M...')
#4 {main}
  thrown in /Applications/MAMP/htdocs/rh/includes/functions/funcGraphHeadcount.php on line 513
[04-Dec-2025 01:04:32 America/Sao_Paulo] PHP Fatal error:  Uncaught TypeError: obterHCFinal(): Argument #2 ($tabela) must be of type string, array given, called in /Applications/MAMP/htdocs/rh/includes/functions/funcGraphHeadcount.php on line 571 and defined in /Applications/MAMP/htdocs/rh/includes/functions/funcGraphHeadcount.php:513
Stack trace:
#0 /Applications/MAMP/htdocs/rh/includes/functions/funcGraphHeadcount.php(571): obterHCFinal(Object(PDO), Array)
#1 /Applications/MAMP/htdocs/rh/includes/functions/funcGraphHeadcount.php(102): calcularTurnoverVoluntarioHeadcount(Object(PDO), Array)
#2 /Applications/MAMP/htdocs/rh/includes/graphs/headcount.php(63): gerarDadosHeadcount(Object(PDO), 'headcount_turno...', Array, 'percentual')
#3 /Applications/MAMP/htdocs/rh/headcount.php(66): require_once('/Applications/M...')
#4 {main}
  thrown in /Applications/MAMP/htdocs/rh/includes/functions/funcGraphHeadcount.php on line 513
[04-Dec-2025 01:04:32 America/Sao_Paulo] PHP Fatal error:  Uncaught TypeError: obterHCFinal(): Argument #2 ($tabela) must be of type string, array given, called in /Applications/MAMP/htdocs/rh/includes/functions/funcGraphHeadcount.php on line 571 and defined in /Applications/MAMP/htdocs/rh/includes/functions/funcGraphHeadcount.php:513
Stack trace:
#0 /Applications/MAMP/htdocs/rh/includes/functions/funcGraphHeadcount.php(571): obterHCFinal(Object(PDO), Array)
#1 /Applications/MAMP/htdocs/rh/includes/functions/funcGraphHeadcount.php(102): calcularTurnoverVoluntarioHeadcount(Object(PDO), Array)
#2 /Applications/MAMP/htdocs/rh/includes/graphs/headcount.php(63): gerarDadosHeadcount(Object(PDO), 'headcount_turno...', Array, 'percentual')
#3 /Applications/MAMP/htdocs/rh/headcount.php(66): require_once('/Applications/M...')
#4 {main}
  thrown in /Applications/MAMP/htdocs/rh/includes/functions/funcGraphHeadcount.php on line 513
[04-Dec-2025 01:04:45 America/Sao_Paulo] PHP Fatal error:  Cannot redeclare calcularTurnoverInvoluntarioHeadcount() (previously declared in /Applications/MAMP/htdocs/rh/includes/functions/funcGraphHeadcount.php:566) in /Applications/MAMP/htdocs/rh/includes/functions/funcGraphHeadcount.php on line 623
[04-Dec-2025 01:04:46 America/Sao_Paulo] PHP Fatal error:  Cannot redeclare calcularTurnoverInvoluntarioHeadcount() (previously declared in /Applications/MAMP/htdocs/rh/includes/functions/funcGraphHeadcount.php:566) in /Applications/MAMP/htdocs/rh/includes/functions/funcGraphHeadcount.php on line 623
[04-Dec-2025 01:04:47 America/Sao_Paulo] PHP Fatal error:  Cannot redeclare calcularTurnoverInvoluntarioHeadcount() (previously declared in /Applications/MAMP/htdocs/rh/includes/functions/funcGraphHeadcount.php:566) in /Applications/MAMP/htdocs/rh/includes/functions/funcGraphHeadcount.php on line 623
[04-Dec-2025 01:05:02 America/Sao_Paulo] PHP Fatal error:  Uncaught Error: Call to undefined function calcularTurnoverVoluntarioHeadcount() in /Applications/MAMP/htdocs/rh/includes/functions/funcGraphHeadcount.php:102
Stack trace:
#0 /Applications/MAMP/htdocs/rh/includes/graphs/headcount.php(63): gerarDadosHeadcount(Object(PDO), 'headcount_turno...', Array, 'percentual')
#1 /Applications/MAMP/htdocs/rh/headcount.php(66): require_once('/Applications/M...')
#2 {main}
  thrown in /Applications/MAMP/htdocs/rh/includes/functions/funcGraphHeadcount.php on line 102
[04-Dec-2025 01:05:10 America/Sao_Paulo] PHP Fatal error:  Uncaught Error: Call to undefined function calcularTurnoverVoluntarioHeadcount() in /Applications/MAMP/htdocs/rh/includes/functions/funcGraphHeadcount.php:102
Stack trace:
#0 /Applications/MAMP/htdocs/rh/includes/graphs/headcount.php(63): gerarDadosHeadcount(Object(PDO), 'headcount_turno...', Array, 'percentual')
#1 /Applications/MAMP/htdocs/rh/headcount.php(66): require_once('/Applications/M...')
#2 {main}
  thrown in /Applications/MAMP/htdocs/rh/includes/functions/funcGraphHeadcount.php on line 102
[04-Dec-2025 01:05:19 America/Sao_Paulo] PHP Fatal error:  Uncaught TypeError: obterHCFinal(): Argument #2 ($tabela) must be of type string, array given, called in /Applications/MAMP/htdocs/rh/includes/functions/funcGraphHeadcount.php on line 571 and defined in /Applications/MAMP/htdocs/rh/includes/functions/funcGraphHeadcount.php:513
Stack trace:
#0 /Applications/MAMP/htdocs/rh/includes/functions/funcGraphHeadcount.php(571): obterHCFinal(Object(PDO), Array)
#1 /Applications/MAMP/htdocs/rh/includes/functions/funcGraphHeadcount.php(102): calcularTurnoverVoluntarioHeadcount(Object(PDO), Array)
#2 /Applications/MAMP/htdocs/rh/includes/graphs/headcount.php(63): gerarDadosHeadcount(Object(PDO), 'headcount_turno...', Array, 'percentual')
#3 /Applications/MAMP/htdocs/rh/headcount.php(66): require_once('/Applications/M...')
#4 {main}
  thrown in /Applications/MAMP/htdocs/rh/includes/functions/funcGraphHeadcount.php on line 513
[04-Dec-2025 01:05:25 America/Sao_Paulo] PHP Fatal error:  Uncaught Error: Call to undefined function obterHCFinal() in /Applications/MAMP/htdocs/rh/includes/functions/funcGraphHeadcount.php:518
Stack trace:
#0 /Applications/MAMP/htdocs/rh/includes/functions/funcGraphHeadcount.php(102): calcularTurnoverVoluntarioHeadcount(Object(PDO), Array)
#1 /Applications/MAMP/htdocs/rh/includes/graphs/headcount.php(63): gerarDadosHeadcount(Object(PDO), 'headcount_turno...', Array, 'percentual')
#2 /Applications/MAMP/htdocs/rh/headcount.php(66): require_once('/Applications/M...')
#3 {main}
  thrown in /Applications/MAMP/htdocs/rh/includes/functions/funcGraphHeadcount.php on line 518
[04-Dec-2025 01:05:52 America/Sao_Paulo] PHP Fatal error:  Cannot redeclare calcularTurnoverVoluntarioHeadcount() (previously declared in /Applications/MAMP/htdocs/rh/includes/functions/funcGraphHeadcount.php:513) in /Applications/MAMP/htdocs/rh/includes/functions/funcGraphHeadcount.php on line 566
[04-Dec-2025 01:06:05 America/Sao_Paulo] PHP Fatal error:  Uncaught Error: Call to undefined function obterHCFinal() in /Applications/MAMP/htdocs/rh/includes/functions/funcGraphHeadcount.php:518
Stack trace:
#0 /Applications/MAMP/htdocs/rh/includes/functions/funcGraphHeadcount.php(102): calcularTurnoverVoluntarioHeadcount(Object(PDO), Array)
#1 /Applications/MAMP/htdocs/rh/includes/graphs/headcount.php(63): gerarDadosHeadcount(Object(PDO), 'headcount_turno...', Array, 'percentual')
#2 /Applications/MAMP/htdocs/rh/headcount.php(66): require_once('/Applications/M...')
#3 {main}
  thrown in /Applications/MAMP/htdocs/rh/includes/functions/funcGraphHeadcount.php on line 518
[04-Dec-2025 01:08:38 America/Sao_Paulo] PHP Fatal error:  Uncaught TypeError: obterHCFinal(): Argument #2 ($tabela) must be of type string, array given, called in /Applications/MAMP/htdocs/rh/includes/functions/funcGraphHeadcount.php on line 544 and defined in /Applications/MAMP/htdocs/rh/includes/functions/funcGraphHeadcount.php:508
Stack trace:
#0 /Applications/MAMP/htdocs/rh/includes/functions/funcGraphHeadcount.php(544): obterHCFinal(Object(PDO), Array)
#1 /Applications/MAMP/htdocs/rh/includes/functions/funcGraphHeadcount.php(102): calcularTurnoverVoluntarioHeadcount(Object(PDO), Array)
#2 /Applications/MAMP/htdocs/rh/includes/graphs/headcount.php(63): gerarDadosHeadcount(Object(PDO), 'headcount_turno...', Array, 'percentual')
#3 /Applications/MAMP/htdocs/rh/headcount.php(66): require_once('/Applications/M...')
#4 {main}
  thrown in /Applications/MAMP/htdocs/rh/includes/functions/funcGraphHeadcount.php on line 508
[04-Dec-2025 01:08:39 America/Sao_Paulo] PHP Fatal error:  Uncaught TypeError: obterHCFinal(): Argument #2 ($tabela) must be of type string, array given, called in /Applications/MAMP/htdocs/rh/includes/functions/funcGraphHeadcount.php on line 544 and defined in /Applications/MAMP/htdocs/rh/includes/functions/funcGraphHeadcount.php:508
Stack trace:
#0 /Applications/MAMP/htdocs/rh/includes/functions/funcGraphHeadcount.php(544): obterHCFinal(Object(PDO), Array)
#1 /Applications/MAMP/htdocs/rh/includes/functions/funcGraphHeadcount.php(102): calcularTurnoverVoluntarioHeadcount(Object(PDO), Array)
#2 /Applications/MAMP/htdocs/rh/includes/graphs/headcount.php(63): gerarDadosHeadcount(Object(PDO), 'headcount_turno...', Array, 'percentual')
#3 /Applications/MAMP/htdocs/rh/headcount.php(66): require_once('/Applications/M...')
#4 {main}
  thrown in /Applications/MAMP/htdocs/rh/includes/functions/funcGraphHeadcount.php on line 508
[04-Dec-2025 01:15:51 America/Sao_Paulo] PHP Fatal error:  Uncaught TypeError: obterHCFinal(): Argument #2 ($tabela) must be of type string, array given, called in /Applications/MAMP/htdocs/rh/includes/functions/funcGraphHeadcount.php on line 615 and defined in /Applications/MAMP/htdocs/rh/includes/functions/funcGraphHeadcount.php:508
Stack trace:
#0 /Applications/MAMP/htdocs/rh/includes/functions/funcGraphHeadcount.php(615): obterHCFinal(Object(PDO), Array)
#1 /Applications/MAMP/htdocs/rh/includes/functions/funcGraphHeadcount.php(104): calcularTurnoverInvoluntarioHeadcount(Object(PDO), Array)
#2 /Applications/MAMP/htdocs/rh/includes/graphs/headcount.php(63): gerarDadosHeadcount(Object(PDO), 'headcount_turno...', Array, 'percentual')
#3 /Applications/MAMP/htdocs/rh/headcount.php(66): require_once('/Applications/M...')
#4 {main}
  thrown in /Applications/MAMP/htdocs/rh/includes/functions/funcGraphHeadcount.php on line 508
[04-Dec-2025 01:17:20 America/Sao_Paulo] PHP Fatal error:  Uncaught TypeError: obterHCFinal(): Argument #2 ($tabela) must be of type string, array given, called in /Applications/MAMP/htdocs/rh/includes/functions/funcGraphHeadcount.php on line 524 and defined in /Applications/MAMP/htdocs/rh/includes/functions/funcGraphHeadcount.php:508
Stack trace:
#0 /Applications/MAMP/htdocs/rh/includes/functions/funcGraphHeadcount.php(524): obterHCFinal(Object(PDO), Array)
#1 /Applications/MAMP/htdocs/rh/includes/functions/funcGraphHeadcount.php(102): calcularTurnoverVoluntarioHeadcount(Object(PDO), Array)
#2 /Applications/MAMP/htdocs/rh/includes/graphs/headcount.php(63): gerarDadosHeadcount(Object(PDO), 'headcount_turno...', Array, 'percentual')
#3 /Applications/MAMP/htdocs/rh/headcount.php(66): require_once('/Applications/M...')
#4 {main}
  thrown in /Applications/MAMP/htdocs/rh/includes/functions/funcGraphHeadcount.php on line 508
[04-Dec-2025 01:17:26 America/Sao_Paulo] PHP Fatal error:  Uncaught Error: Call to undefined function obterHCFinal() in /Applications/MAMP/htdocs/rh/includes/functions/funcGraphHeadcount.php:518
Stack trace:
#0 /Applications/MAMP/htdocs/rh/includes/functions/funcGraphHeadcount.php(102): calcularTurnoverVoluntarioHeadcount(Object(PDO), Array)
#1 /Applications/MAMP/htdocs/rh/includes/graphs/headcount.php(63): gerarDadosHeadcount(Object(PDO), 'headcount_turno...', Array, 'percentual')
#2 /Applications/MAMP/htdocs/rh/headcount.php(66): require_once('/Applications/M...')
#3 {main}
  thrown in /Applications/MAMP/htdocs/rh/includes/functions/funcGraphHeadcount.php on line 518
[04-Dec-2025 01:17:29 America/Sao_Paulo] PHP Fatal error:  Uncaught Error: Call to undefined function obterHCFinal() in /Applications/MAMP/htdocs/rh/includes/functions/funcGraphHeadcount.php:518
Stack trace:
#0 /Applications/MAMP/htdocs/rh/includes/functions/funcGraphHeadcount.php(102): calcularTurnoverVoluntarioHeadcount(Object(PDO), Array)
#1 /Applications/MAMP/htdocs/rh/includes/graphs/headcount.php(63): gerarDadosHeadcount(Object(PDO), 'headcount_turno...', Array, 'percentual')
#2 /Applications/MAMP/htdocs/rh/headcount.php(66): require_once('/Applications/M...')
#3 {main}
  thrown in /Applications/MAMP/htdocs/rh/includes/functions/funcGraphHeadcount.php on line 518
[04-Dec-2025 01:17:31 America/Sao_Paulo] PHP Fatal error:  Uncaught Error: Call to undefined function obterHCFinal() in /Applications/MAMP/htdocs/rh/includes/functions/funcGraphHeadcount.php:518
Stack trace:
#0 /Applications/MAMP/htdocs/rh/includes/functions/funcGraphHeadcount.php(102): calcularTurnoverVoluntarioHeadcount(Object(PDO), Array)
#1 /Applications/MAMP/htdocs/rh/includes/graphs/headcount.php(63): gerarDadosHeadcount(Object(PDO), 'headcount_turno...', Array, 'percentual')
#2 /Applications/MAMP/htdocs/rh/headcount.php(66): require_once('/Applications/M...')
#3 {main}
  thrown in /Applications/MAMP/htdocs/rh/includes/functions/funcGraphHeadcount.php on line 518
[04-Dec-2025 13:25:53 America/Sao_Paulo] PHP Fatal error:  Uncaught Error: Call to undefined function calcularHCInicialCorreto() in /Applications/MAMP/htdocs/rh/includes/functions/funcGraphHeadcount.php:485
Stack trace:
#0 /Applications/MAMP/htdocs/rh/includes/functions/funcGraphHeadcount.php(100): calcularTurnoverAcumuladoHeadcount(Object(PDO), Array)
#1 /Applications/MAMP/htdocs/rh/includes/graphs/headcount.php(63): gerarDadosHeadcount(Object(PDO), 'headcount_turno...', Array, 'percentual')
#2 /Applications/MAMP/htdocs/rh/headcount.php(66): require_once('/Applications/M...')
#3 {main}
  thrown in /Applications/MAMP/htdocs/rh/includes/functions/funcGraphHeadcount.php on line 485
